info it worked if it ends with ok
verbose cli [ '/usr/bin/nodejs', '/usr/bin/npm', 'install', '-g', 'ungit' ]
info using npm@1.1.4
info using node@v0.6.19
verbose config file /root/.npmrc
verbose config file /usr/etc/npmrc
verbose config file /usr/share/npm/npmrc
silly exec /usr/bin/nodejs "/usr/share/npm/bin/npm-get-uid-gid.js" "nobody" 1000
silly spawning [ '/usr/bin/nodejs',
silly spawning   [ '/usr/share/npm/bin/npm-get-uid-gid.js', 'nobody', 1000 ],
silly spawning   null ]
silly output from getuid/gid {"uid":65534,"gid":1000}
silly output from getuid/gid 
verbose cache add [ 'ungit', null ]
silly cache add: name, spec, args [ undefined, 'ungit', [ 'ungit', null ] ]
verbose parsed url { pathname: 'ungit', path: 'ungit', href: 'ungit' }
verbose addNamed [ 'ungit', '' ]
verbose addNamed [ null, '' ]
silly name, range, hasData [ 'ungit', '', false ]
verbose raw, before any munging ungit
verbose url resolving [ 'https://registry.npmjs.org/', './ungit' ]
verbose url resolved https://registry.npmjs.org/ungit
http GET https://registry.npmjs.org/ungit
http 200 https://registry.npmjs.org/ungit
silly get cb [ 200,
silly get cb   { vary: 'Accept',
silly get cb     server: 'CouchDB/1.3.1 (Erlang OTP/R15B03)',
silly get cb     etag: '"8DFBGET8ZY28F5HOYIY807KA0"',
silly get cb     date: 'Fri, 13 Sep 2013 01:41:33 GMT',
silly get cb     'content-type': 'application/json',
silly get cb     'content-length': '45187' } ]
verbose mkdir (expected) error ENOENT, stat '/root/.npm'
verbose mkdir (expected) error ENOENT, stat '/root/.npm/ungit'
verbose mkdir done: /root/.npm/ungit 755
silly name, range, hasData 2 [ 'ungit', '', true ]
silly versions [ 'ungit', [] ]
ERR! Error: No compatible version found: ungit
ERR! No valid targets found.
ERR! Perhaps not compatible with your version of node?
ERR!     at installTargetsError (/usr/share/npm/lib/cache.js:488:10)
ERR!     at next_ (/usr/share/npm/lib/cache.js:438:17)
ERR!     at next (/usr/share/npm/lib/cache.js:415:44)
ERR!     at /usr/share/npm/lib/cache.js:408:5
ERR!     at saved (/usr/share/npm/lib/utils/npm-registry-client/get.js:147:7)
ERR!     at Object.oncomplete (/usr/lib/nodejs/graceful-fs.js:230:7)
ERR! You may report this log at:
ERR!     <http://bugs.debian.org/npm>
ERR! or use
ERR!     reportbug --attach /home/luke/tfclub.github.io/npm-debug.log npm
ERR! 
ERR! System Linux 3.8.0-25-generic
ERR! command "/usr/bin/nodejs" "/usr/bin/npm" "install" "-g" "ungit"
ERR! cwd /home/luke/tfclub.github.io
ERR! node -v v0.6.19
ERR! npm -v 1.1.4
ERR! message No compatible version found: ungit
ERR! message No valid targets found.
ERR! message Perhaps not compatible with your version of node?
verbose exit [ 1, true ]
